04:34:30 **** Incremental Build of configuration Debug for project Project05_DoorLockSystem ****
make all 
'Building file: ../HMI_MCU/APP/HMI_MCU.c'
'Invoking: AVR Compiler'
avr-gcc -Wall -g2 -gstabs -O0 -fpack-struct -fshort-enums -ffunction-sections -fdata-sections -std=gnu99 -funsigned-char -funsigned-bitfields -mmcu=atmega16 -DF_CPU=1000000UL -MMD -MP -MF"HMI_MCU/APP/HMI_MCU.d" -MT"HMI_MCU/APP/HMI_MCU.o" -c -o "HMI_MCU/APP/HMI_MCU.o" "../HMI_MCU/APP/HMI_MCU.c"
In file included from ../HMI_MCU/APP/HMI_MCU.h:24,
                 from ../HMI_MCU/APP/HMI_MCU.c:8:
c:/winavr-20100110/lib/gcc/../../avr/include/util/delay.h:90:3: warning: #warning "Compiler optimizations disabled; functions from <util/delay.h> won't work as designed"
In file included from ../HMI_MCU/APP/HMI_MCU.c:8:
../HMI_MCU/APP/HMI_MCU.h:27:1: warning: "F_CPU" redefined
<command-line>: warning: this is the location of the previous definition
../HMI_MCU/APP/../MCAL/Timer1.h:30: warning: 'Timer1_CallBackPtr' defined but not used
'Finished building: ../HMI_MCU/APP/HMI_MCU.c'
' '
'Building target: Project05_DoorLockSystem.elf'
'Invoking: AVR C Linker'
avr-gcc -Wl,-Map,Project05_DoorLockSystem.map -mmcu=atmega16 -o "Project05_DoorLockSystem.elf"  ./HMI_MCU/MCAL/Timer1.o ./HMI_MCU/MCAL/gpio.o ./HMI_MCU/MCAL/uart.o  ./HMI_MCU/HAL/keypad.o ./HMI_MCU/HAL/lcd.o  ./HMI_MCU/APP/HMI_MCU.o   
'Finished building target: Project05_DoorLockSystem.elf'
' '
'Invoking: AVR Create Extended Listing'
avr-objdump -h -S Project05_DoorLockSystem.elf  >"Project05_DoorLockSystem.lss"
'Finished building: Project05_DoorLockSystem.lss'
' '
'Invoking: Print Size'
avr-size --format=avr --mcu=atmega16 Project05_DoorLockSystem.elf
AVR Memory Usage
----------------
Device: atmega16

Program:   16384 bytes (100.0% Full)
(.text + .data + .bootloader)

Data:        169 bytes (16.5% Full)
(.data + .bss + .noinit)


'Finished building: sizedummy'
' '
04:59:43 **** Incremental Build of configuration Debug for project Project05_DoorLockSystem ****
make all 
'Building file: ../HMI_MCU/APP/HMI_MCU.c'
'Invoking: AVR Compiler'
avr-gcc -Wall -g2 -gstabs -O0 -fpack-struct -fshort-enums -ffunction-sections -fdata-sections -std=gnu99 -funsigned-char -funsigned-bitfields -mmcu=atmega16 -DF_CPU=1000000UL -MMD -MP -MF"HMI_MCU/APP/HMI_MCU.d" -MT"HMI_MCU/APP/HMI_MCU.o" -c -o "HMI_MCU/APP/HMI_MCU.o" "../HMI_MCU/APP/HMI_MCU.c"
In file included from ../HMI_MCU/APP/HMI_MCU.h:24,
                 from ../HMI_MCU/APP/HMI_MCU.c:8:
c:/winavr-20100110/lib/gcc/../../avr/include/util/delay.h:90:3: warning: #warning "Compiler optimizations disabled; functions from <util/delay.h> won't work as designed"
In file included from ../HMI_MCU/APP/HMI_MCU.c:8:
../HMI_MCU/APP/HMI_MCU.h:27:1: warning: "F_CPU" redefined
<command-line>: warning: this is the location of the previous definition
../HMI_MCU/APP/../MCAL/Timer1.h:30: warning: 'Timer1_CallBackPtr' defined but not used
'Finished building: ../HMI_MCU/APP/HMI_MCU.c'
' '
'Building target: Project05_DoorLockSystem.elf'
'Invoking: AVR C Linker'
avr-gcc -Wl,-Map,Project05_DoorLockSystem.map -mmcu=atmega16 -o "Project05_DoorLockSystem.elf"  ./HMI_MCU/MCAL/Timer1.o ./HMI_MCU/MCAL/gpio.o ./HMI_MCU/MCAL/uart.o  ./HMI_MCU/HAL/keypad.o ./HMI_MCU/HAL/lcd.o  ./HMI_MCU/APP/HMI_MCU.o   
'Finished building target: Project05_DoorLockSystem.elf'
' '
'Invoking: AVR Create Extended Listing'
avr-objdump -h -S Project05_DoorLockSystem.elf  >"Project05_DoorLockSystem.lss"
'Finished building: Project05_DoorLockSystem.lss'
' '
'Invoking: Print Size'
avr-size --format=avr --mcu=atmega16 Project05_DoorLockSystem.elf
AVR Memory Usage
----------------
Device: atmega16

Program:   16392 bytes (100.0% Full)
(.text + .data + .bootloader)

Data:        169 bytes (16.5% Full)
(.data + .bss + .noinit)


'Finished building: sizedummy'
' '
